Start testing: Jan 10 06:04 UTC
----------------------------------------------------------
1/4 Testing: v2_engine_tests
1/4 Test: v2_engine_tests
Command: "/home/runner/work/DARK_leaf_drone_4-1_V2/DARK_leaf_drone_4-1_V2/build/v2/engine/v2_engine_tests"
Directory: /home/runner/work/DARK_leaf_drone_4-1_V2/DARK_leaf_drone_4-1_V2/build/v2/engine
"v2_engine_tests" start time: Jan 10 06:04 UTC
Output:
----------------------------------------------------------
<end of output>
Test time =   0.01 sec
----------------------------------------------------------
Test Passed.
"v2_engine_tests" end time: Jan 10 06:04 UTC
"v2_engine_tests" time elapsed: 00:00:00
----------------------------------------------------------

2/4 Testing: v2_engine_test_run_id
2/4 Test: v2_engine_test_run_id
Command: "/home/runner/work/DARK_leaf_drone_4-1_V2/DARK_leaf_drone_4-1_V2/build/v2/engine/v2_engine_test_run_id"
Directory: /home/runner/work/DARK_leaf_drone_4-1_V2/DARK_leaf_drone_4-1_V2/build/v2/engine
"v2_engine_test_run_id" start time: Jan 10 06:04 UTC
Output:
----------------------------------------------------------
<end of output>
Test time =   0.00 sec
----------------------------------------------------------
Test Passed.
"v2_engine_test_run_id" end time: Jan 10 06:04 UTC
"v2_engine_test_run_id" time elapsed: 00:00:00
----------------------------------------------------------

3/4 Testing: v2_engine_test_json_emit
3/4 Test: v2_engine_test_json_emit
Command: "/home/runner/work/DARK_leaf_drone_4-1_V2/DARK_leaf_drone_4-1_V2/build/v2/engine/v2_engine_test_json_emit"
Directory: /home/runner/work/DARK_leaf_drone_4-1_V2/DARK_leaf_drone_4-1_V2/build/v2/engine
"v2_engine_test_json_emit" start time: Jan 10 06:04 UTC
Output:
----------------------------------------------------------
<end of output>
Test time =   0.00 sec
----------------------------------------------------------
Test Passed.
"v2_engine_test_json_emit" end time: Jan 10 06:04 UTC
"v2_engine_test_json_emit" time elapsed: 00:00:00
----------------------------------------------------------

4/4 Testing: cpp_accuracy_gate_tests
4/4 Test: cpp_accuracy_gate_tests
Command: "/home/runner/work/DARK_leaf_drone_4-1_V2/DARK_leaf_drone_4-1_V2/build/cpp/engine/cpp_accuracy_gate_tests"
Directory: /home/runner/work/DARK_leaf_drone_4-1_V2/DARK_leaf_drone_4-1_V2/build/cpp/engine
"cpp_accuracy_gate_tests" start time: Jan 10 06:04 UTC
Output:
----------------------------------------------------------
<end of output>
Test time =   0.00 sec
----------------------------------------------------------
Test Passed.
"cpp_accuracy_gate_tests" end time: Jan 10 06:04 UTC
"cpp_accuracy_gate_tests" time elapsed: 00:00:00
----------------------------------------------------------

End testing: Jan 10 06:04 UTC
